This is LuaHBTeX, Version 1.15.1 (MiKTeX 22.10) (format=lualatex 2023.3.2)  19 AUG 2023 11:37
 restricted system commands enabled.
 file:line:error style messages enabled.
**main.tex
(./main.tex
LaTeX2e <2022-06-01> patch level 5
Lua module: luaotfload 2022-10-03 3.23 Lua based OpenType font support
Lua module: lualibs 2022-10-04 2.75 ConTeXt Lua standard libraries.
Lua module: lualibs-extended 2022-10-04 2.75 ConTeXt Lua libraries -- extended c
ollection.
luaotfload | conf : Root cache directory is "C:/Users/javif/AppData/Local/MiKTeX
/luatex-cache/generic/names".
luaotfload | init : Loading fontloader "fontloader-2022-10-03.lua" from kpse-res
olved path "D:/Program Files/MikTex/tex/luatex/luaotfload/fontloader-2022-10-03.
lua".
Lua-only attribute luaotfload@noligature = 1
luaotfload | init : Context OpenType loader version 3.120
Inserting `luaotfload.node_processor' at position 1 in `pre_linebreak_filter'.
Inserting `luaotfload.node_processor' at position 1 in `hpack_filter'.
Inserting `luaotfload.glyph_stream' at position 1 in `glyph_stream_provider'.
Inserting `luaotfload.define_font' at position 1 in `define_font'.
Lua-only attribute luaotfload_color_attribute = 2
luaotfload | conf : Root cache directory is "C:/Users/javif/AppData/Local/MiKTeX
/luatex-cache/generic/names".
Inserting `luaotfload.harf.strip_prefix' at position 1 in `find_opentype_file'.
Inserting `luaotfload.harf.strip_prefix' at position 1 in `find_truetype_file'.
Removing  `luaotfload.glyph_stream' from `glyph_stream_provider'.
Inserting `luaotfload.harf.glyphstream' at position 1 in `glyph_stream_provider'
.
Inserting `luaotfload.harf.finalize_vlist' at position 1 in `post_linebreak_filt
er'.
Inserting `luaotfload.harf.finalize_hlist' at position 2 in `hpack_filter'.
Inserting `luaotfload.cleanup_files' at position 1 in `wrapup_run'.
Inserting `luaotfload.harf.finalize_unicode' at position 1 in `finish_pdffile'.
Inserting `luaotfload.glyphinfo' at position 1 in `glyph_info'.
Lua-only attribute luaotfload.letterspace_done = 3
Inserting `luaotfload.aux.set_sscale_dimens' at position 1 in `luaotfload.patch_
font'.
Inserting `luaotfload.aux.set_font_index' at position 2 in `luaotfload.patch_fon
t'.
Inserting `luaotfload.aux.patch_cambria_domh' at position 3 in `luaotfload.patch
_font'.
Inserting `luaotfload.aux.fixup_fontdata' at position 1 in `luaotfload.patch_fon
t_unsafe'.
Inserting `luaotfload.aux.set_capheight' at position 4 in `luaotfload.patch_font
'.
Inserting `luaotfload.aux.set_xheight' at position 5 in `luaotfload.patch_font'.
Inserting `luaotfload.rewrite_fontname' at position 6 in `luaotfload.patch_font'
. L3 programming layer <2022-09-28>
Inserting `tracingstacklevels' at position 1 in `input_level_string'.
("D:/Program Files/MikTex/tex/latex/base/report.cls"
Document Class: report 2021/10/04 v1.4n Standard LaTeX document class
("D:/Program Files/MikTex/tex/latex/base/size12.clo"
File: size12.clo 2021/10/04 v1.4n Standard LaTeX file (size option)
luaotfload | db : Font names database loaded from C:/Users/javif/AppData/Local/M
iKTeX/luatex-cache/generic/names/luaotfload-names.luc.gz)
\c@part=\count183
\c@chapter=\count184
\c@section=\count185
\c@subsection=\count186
\c@subsubsection=\count187
\c@paragraph=\count188
\c@subparagraph=\count189
\c@figure=\count190
\c@table=\count191
\abovecaptionskip=\skip47
\belowcaptionskip=\skip48
\bibindent=\dimen137
)
("D:/Program Files/MikTex/tex/latex/base/inputenc.sty"
Package: inputenc 2021/02/14 v1.3d Input encoding file
\inpenc@prehook=\toks16
\inpenc@posthook=\toks17


Package inputenc Warning: inputenc package ignored with utf8 based engines.

) ("D:/Program Files/MikTex/tex/latex/graphics/graphicx.sty"
Package: graphicx 2021/09/16 v1.2d Enhanced LaTeX Graphics (DPC,SPQR)

("D:/Program Files/MikTex/tex/latex/graphics/keyval.sty"
Package: keyval 2022/05/29 v1.15 key=value parser (DPC)
\KV@toks@=\toks18
)
("D:/Program Files/MikTex/tex/latex/graphics/graphics.sty"
Package: graphics 2022/03/10 v1.4e Standard LaTeX Graphics (DPC,SPQR)

("D:/Program Files/MikTex/tex/latex/graphics/trig.sty"
Package: trig 2021/08/11 v1.11 sin cos tan (DPC)
)
("D:/Program Files/MikTex/tex/latex/graphics-cfg/graphics.cfg"
File: graphics.cfg 2016/06/04 v1.11 sample graphics configuration
)
Package graphics Info: Driver file: luatex.def on input line 107.

("D:/Program Files/MikTex/tex/latex/graphics-def/luatex.def"
File: luatex.def 2022/09/22 v1.2d Graphics/color driver for luatex
))
\Gin@req@height=\dimen138
\Gin@req@width=\dimen139
)
("D:/Program Files/MikTex/tex/latex/markdown/markdown.sty"
("D:/Program Files/MikTex/tex/latex/l3kernel/expl3.sty"
Package: expl3 2022-09-28 L3 programming layer (loader) 

("D:/Program Files/MikTex/tex/latex/l3backend/l3backend-luatex.def"
File: l3backend-luatex.def 2022-09-28 L3 backend support: PDF output (LuaTeX)
\l__color_backend_stack_int=\count192
\l__pdf_internal_box=\box51
))
("D:/Program Files/MikTex/tex/generic/markdown/markdown.tex"
\markdownOptionFrozenCacheCounter=\count193
\markdownInputFileStream=\read2
\markdownOutputFileStream=\write3
Package markdown Info: Using mode 3: The lt3luabridge package on input line 249
4.

("D:/Program Files/MikTex/tex/generic/lt3luabridge/lt3luabridge.tex"
\g_luabridge_method_int=\count194

Package luabridge Info: Using direct Lua access as the bridging method

))
Package: markdown 2023-02-01 v2.20.0-0-gf64ade1 markdown renderer

("D:/Program Files/MikTex/tex/latex/paralist/paralist.sty"
Package: paralist 2017/01/22 v2.7 Extended list environments
\pltopsep=\skip49
\plpartopsep=\skip50
\plitemsep=\skip51
\plparsep=\skip52
\pl@lab=\toks19
)
("D:/Program Files/MikTex/tex/latex/amsmath/amsmath.sty"
Package: amsmath 2022/04/08 v2.17n AMS math features
\@mathmargin=\skip53

For additional information on amsmath, use the `?' option.
("D:/Program Files/MikTex/tex/latex/amsmath/amstext.sty"
Package: amstext 2021/08/26 v2.01 AMS text

("D:/Program Files/MikTex/tex/latex/amsmath/amsgen.sty"
File: amsgen.sty 1999/11/30 v2.0 generic functions
\@emptytoks=\toks20
\ex@=\dimen140
))
("D:/Program Files/MikTex/tex/latex/amsmath/amsbsy.sty"
Package: amsbsy 1999/11/29 v1.2d Bold Symbols
\pmbraise@=\dimen141
)
("D:/Program Files/MikTex/tex/latex/amsmath/amsopn.sty"
Package: amsopn 2022/04/08 v2.04 operator names
)
\inf@bad=\count195
LaTeX Info: Redefining \frac on input line 236.
\uproot@=\count196
\leftroot@=\count197
LaTeX Info: Redefining \overline on input line 399.
LaTeX Info: Redefining \colon on input line 410.
\classnum@=\count198
\DOTSCASE@=\count199
LaTeX Info: Redefining \ldots on input line 496.
LaTeX Info: Redefining \dots on input line 499.
LaTeX Info: Redefining \cdots on input line 620.
\Mathstrutbox@=\box52
\strutbox@=\box53
LaTeX Info: Redefining \big on input line 722.
LaTeX Info: Redefining \Big on input line 723.
LaTeX Info: Redefining \bigg on input line 724.
LaTeX Info: Redefining \Bigg on input line 725.
\big@size=\dimen142
LaTeX Font Info:    Redeclaring font encoding OML on input line 743.
LaTeX Font Info:    Redeclaring font encoding OMS on input line 744.
\macc@depth=\count266
LaTeX Info: Redefining \bmod on input line 905.
LaTeX Info: Redefining \pmod on input line 910.
LaTeX Info: Redefining \smash on input line 940.
LaTeX Info: Redefining \relbar on input line 970.
LaTeX Info: Redefining \Relbar on input line 971.
\c@MaxMatrixCols=\count267
\dotsspace@=\muskip16
\c@parentequation=\count268
\dspbrk@lvl=\count269
\tag@help=\toks21
\row@=\count270
\column@=\count271
\maxfields@=\count272
\andhelp@=\toks22
\eqnshift@=\dimen143
\alignsep@=\dimen144
\tagshift@=\dimen145
\tagwidth@=\dimen146
\totwidth@=\dimen147
\lineht@=\dimen148
\@envbody=\toks23
\multlinegap=\skip54
\multlinetaggap=\skip55
\mathdisplay@stack=\toks24
LaTeX Info: Redefining \[ on input line 2953.
LaTeX Info: Redefining \] on input line 2954.
)
("D:/Program Files/MikTex/tex/latex/amsfonts/amssymb.sty"
Package: amssymb 2013/01/14 v3.01 AMS font symbols

("D:/Program Files/MikTex/tex/latex/amsfonts/amsfonts.sty"
Package: amsfonts 2013/01/14 v3.01 Basic AMSFonts support
\symAMSa=\mathgroup4
\symAMSb=\mathgroup5
LaTeX Font Info:    Redeclaring math symbol \hbar on input line 98.
LaTeX Font Info:    Overwriting math alphabet `\mathfrak' in version `bold'
(Font)                  U/euf/m/n --> U/euf/b/n on input line 106.
))
("D:/Program Files/MikTex/tex/latex/csvsimple/csvsimple.sty"
("D:/Program Files/MikTex/tex/latex/l3packages/l3keys2e/l3keys2e.sty"
Package: l3keys2e 2022-06-22 LaTeX2e option processing using LaTeX3 keys
)
Package: csvsimple 2022/09/20 v2.3.2 LaTeX CSV file processing
)
("D:/Program Files/MikTex/tex/latex/csvsimple/csvsimple-legacy.sty"
Package: csvsimple-legacy 2022/09/20 version 2.3.2 LaTeX2e CSV file processing

("D:/Program Files/MikTex/tex/latex/pgf/utilities/pgfrcs.sty"
("D:/Program Files/MikTex/tex/generic/pgf/utilities/pgfutil-common.tex"
\pgfutil@everybye=\toks25
\pgfutil@tempdima=\dimen149
\pgfutil@tempdimb=\dimen150

("D:/Program Files/MikTex/tex/generic/pgf/utilities/pgfutil-common-lists.tex")) ("D:/Program Files/MikTex/tex/generic/pgf/utilities/pgfutil-latex.def"
\pgfutil@abb=\box54
)
("D:/Program Files/MikTex/tex/generic/pgf/utilities/pgfrcs.code.tex"
("D:/Program Files/MikTex/tex/generic/pgf/pgf.revision.tex")
Package: pgfrcs 2021/05/15 v3.1.9a (3.1.9a)
))
("D:/Program Files/MikTex/tex/latex/pgf/utilities/pgfkeys.sty"
("D:/Program Files/MikTex/tex/generic/pgf/utilities/pgfkeys.code.tex"
\pgfkeys@pathtoks=\toks26
\pgfkeys@temptoks=\toks27

("D:/Program Files/MikTex/tex/generic/pgf/utilities/pgfkeysfiltered.code.tex"
\pgfkeys@tmptoks=\toks28
))) ("D:/Program Files/MikTex/tex/latex/base/ifthen.sty"
Package: ifthen 2022/04/13 v1.1d Standard LaTeX ifthen package (DPC)
)
("D:/Program Files/MikTex/tex/latex/etoolbox/etoolbox.sty"
Package: etoolbox 2020/10/05 v2.5k e-TeX tools for LaTeX (JAW)
\etb@tempcnta=\count273
)
("D:/Program Files/MikTex/tex/latex/tools/shellesc.sty"
Package: shellesc 2019/11/08 v1.0c unified shell escape interface for LaTeX
Package shellesc Info: Restricted shell escape enabled on input line 77.
)
\csv@file=\read3
\c@csvinputline=\count274
\c@csvrow=\count275
\c@csvcol=\count276
\csv@out=\write4
)
("D:/Program Files/MikTex/tex/latex/fancyvrb/fancyvrb.sty"
Package: fancyvrb 2023/01/19 4.5a verbatim text (tvz,hv)
\FV@CodeLineNo=\count277
\FV@InFile=\read4
\FV@TabBox=\box55
\c@FancyVerbLine=\count278
\FV@StepNumber=\count279
\FV@OutFile=\write5
)
("D:/Program Files/MikTex/tex/generic/ltxcmds/ltxcmds.sty"
Package: ltxcmds 2020-05-10 v1.25 LaTeX kernel commands for general use (HO)
)
\markdownLaTeXCitationsCounter=\count280

("D:/Program Files/MikTex/tex/latex/gobble/gobble.sty"
Package: gobble 2019/01/04 v0.2 Provides more gobble macros

("D:/Program Files/MikTex/tex/generic/gobble/gobble.tex"))
("D:/Program Files/MikTex/tex/latex/url/url.sty"
\Urlmuskip=\muskip17
Package: url 2013/09/16  ver 3.4  Verb mode for urls, etc.
)
\markdownLaTeXRowCounter=\count281
\markdownLaTeXRowTotal=\count282
\markdownLaTeXColumnCounter=\count283
\markdownLaTeXColumnTotal=\count284
\markdownLaTeXTable=\toks29
\markdownLaTeXTableAlignment=\toks30
\markdownLaTeXTableEnd=\toks31
)
("D:/Program Files/MikTex/tex/latex/setspace/setspace.sty"
Package: setspace 2022/12/04 v6.7b set line spacing
)
("D:/Program Files/MikTex/tex/latex/xcolor/xcolor.sty"
Package: xcolor 2022/06/12 v2.14 LaTeX color extensions (UK)

("D:/Program Files/MikTex/tex/latex/graphics-cfg/color.cfg"
File: color.cfg 2016/01/02 v1.6 sample color configuration
)
Package xcolor Info: Driver file: luatex.def on input line 227.

("D:/Program Files/MikTex/tex/latex/colortbl/colortbl.sty"
Package: colortbl 2022/06/20 v1.0f Color table columns (DPC)

("D:/Program Files/MikTex/tex/latex/tools/array.sty"
Package: array 2022/03/10 v2.5f Tabular extension package (FMi)
\col@sep=\dimen151
\ar@mcellbox=\box56
\extrarowheight=\dimen152
\NC@list=\toks32
\extratabsurround=\skip56
\backup@length=\skip57
\ar@cellbox=\box57
)
\everycr=\toks33
\minrowclearance=\skip58
\rownum=\count285
)
("D:/Program Files/MikTex/tex/latex/graphics/mathcolor.ltx")
Package xcolor Info: Model `cmy' substituted by `cmy0' on input line 1353.
Package xcolor Info: Model `hsb' substituted by `rgb' on input line 1357.
Package xcolor Info: Model `RGB' extended on input line 1369.
Package xcolor Info: Model `HTML' substituted by `rgb' on input line 1371.
Package xcolor Info: Model `Hsb' substituted by `hsb' on input line 1372.
Package xcolor Info: Model `tHsb' substituted by `hsb' on input line 1373.
Package xcolor Info: Model `HSB' substituted by `hsb' on input line 1374.
Package xcolor Info: Model `Gray' substituted by `gray' on input line 1375.
Package xcolor Info: Model `wave' substituted by `hsb' on input line 1376.
)
("D:/Program Files/MikTex/tex/latex/float/float.sty"
Package: float 2001/11/08 v1.3d Float enhancements (AL)
\c@float@type=\count286
\float@exts=\toks34
\float@box=\box58
\@float@everytoks=\toks35
\@floatcapt=\box59
)
(C:/Users/javif/GolandProjects/awesomeProject/thesis/out/main.aux)
\openout1 = main.aux

LaTeX Font Info:    Checking defaults for OML/cmm/m/it on input line 29.
LaTeX Font Info:    ... okay on input line 29.
LaTeX Font Info:    Checking defaults for OMS/cmsy/m/n on input line 29.
LaTeX Font Info:    ... okay on input line 29.
LaTeX Font Info:    Checking defaults for OT1/cmr/m/n on input line 29.
LaTeX Font Info:    ... okay on input line 29.
LaTeX Font Info:    Checking defaults for T1/cmr/m/n on input line 29.
LaTeX Font Info:    ... okay on input line 29.
LaTeX Font Info:    Checking defaults for TS1/cmr/m/n on input line 29.
LaTeX Font Info:    Trying to load font information for TS1+cmr on input line 2
9.

("D:/Program Files/MikTex/tex/latex/base/ts1cmr.fd"
File: ts1cmr.fd 2019/12/16 v2.5j Standard LaTeX font definitions
)
LaTeX Font Info:    ... okay on input line 29.
LaTeX Font Info:    Checking defaults for TU/lmr/m/n on input line 29.
LaTeX Font Info:    ... okay on input line 29.
LaTeX Font Info:    Checking defaults for OMX/cmex/m/n on input line 29.
LaTeX Font Info:    ... okay on input line 29.
LaTeX Font Info:    Checking defaults for U/cmr/m/n on input line 29.
LaTeX Font Info:    ... okay on input line 29.

("D:/Program Files/MikTex/tex/context/base/mkii/supp-pdf.mkii"
[Loading MPS to PDF converter (version 2006.09.02).]
\scratchcounter=\count287
\scratchdimen=\dimen153
\scratchbox=\box60
\nofMPsegments=\count288
\nofMParguments=\count289
\everyMPshowfont=\toks36
\MPscratchCnt=\count290
\MPscratchDim=\dimen154
\MPnumerator=\count291
\makeMPintoPDFobject=\count292
\everyMPtoPDFconversion=\toks37
) ("D:/Program Files/MikTex/tex/latex/epstopdf-pkg/epstopdf-base.sty"
Package: epstopdf-base 2020-01-24 v2.11 Base part for package epstopdf
Package epstopdf-base Info: Redefining graphics rule for `.eps' on input line 4
85.

("D:/Program Files/MikTex/tex/latex/00miktex/epstopdf-sys.cfg"
File: epstopdf-sys.cfg 2021/03/18 v2.0 Configuration of epstopdf for MiKTeX
))
<images//lasalle-logo.png, id=1, 291.0875pt x 174.6525pt>
File: images//lasalle-logo.png Graphic file (type png)
<use images//lasalle-logo.png>
Package luatex.def Info: images//lasalle-logo.png  used on input line 31.
(luatex.def)             Requested size: 291.08678pt x 174.65207pt.
LaTeX Font Info:    Trying to load font information for U+msa on input line 31.


("D:/Program Files/MikTex/tex/latex/amsfonts/umsa.fd"
File: umsa.fd 2013/01/14 v3.01 AMS symbols A
)
LaTeX Font Info:    Trying to load font information for U+msb on input line 31.


("D:/Program Files/MikTex/tex/latex/amsfonts/umsb.fd"
File: umsb.fd 2013/01/14 v3.01 AMS symbols B
) [1

{C:/Users/javif/AppData/Local/MiKTeX/fonts/map/pdftex/pdftex.map}<./images//lasa
lle-logo.png>]
Chapter 1.
[1

]
Package markdown Info: Including markdown document "chapters/testing-ssgs/nextj
s.md" on input line 53.
 (./_markdown_main/8437b8382ff58027c77541e908ad36da.md.tex [2])
Package markdown Info: Including markdown document "chapters/testing-ssgs/hugo.
md" on input line 56.

(./_markdown_main/a6682c2c5aba098d256e4422df9718f2.md.tex [3])
Package markdown Info: Including markdown document "chapters/testing-ssgs/vuepr
ess.md" on input line 59.

(./_markdown_main/1a32729159d49775edbd3d707b503cb0.md.tex [4]
Overfull \hbox (6.60718pt too wide) in paragraph at lines 4--4
\TU/lmr/m/n/12 CLI com-mand \TU/lmtt/m/n/12 npx create-vuepress-site [optionalDi
rectoryName]\TU/lmr/m/n/12 , and
 []

[5])
Package markdown Info: Including markdown document "chapters/testing-ssgs/eleve
nty.md" on input line 62.
 (./_markdown_main/77092910ce3ea2b70fd8cf610e3fc8d4.md.tex [6] [7])
Package markdown Info: Including markdown document "chapters/testing-ssgs/astro
.md" on input line 65.

(./_markdown_main/67d5651fbd857854a1562c9bef37c28e.md.tex [8]) [9] [10]
[11]
Chapter 2.
Package markdown Info: Including markdown document "chapters/requirements/intro
duction.md" on input line 112.
(./_markdown_main/55b308081d619817e39f886675caec44.md.tex [12

] [13] [14]
[15]
Overfull \hbox (7.44543pt too wide) in paragraph at lines 25--26
[]\TU/lmr/m/it/12 What is a static site gen-er-a-tor?\TU/lmr/m/n/12 . Cloud-flar
e. (n.d.) . https://www.cloud-
 []


Overfull \hbox (2.47704pt too wide) in paragraph at lines 28--29
[]\TU/lmr/m/n/12 Wiki-me-dia Foun-da-tion. (2023a, April 11). \TU/lmr/m/it/12 Hu
go (soft-ware)\TU/lmr/m/n/12 . Wikipedia.
 []


Overfull \hbox (104.27217pt too wide) in paragraph at lines 32--33
[]\TU/lmr/m/it/12 Ac-ces-si-bil-ity prin-ci-ples\TU/lmr/m/n/12 . Web Ac-ces-si-b
il-ity Ini-tia-tive (WAI) . https://www.w3.org/WAI/fun-
 []


Overfull \hbox (98.64427pt too wide) in paragraph at lines 33--34
\TU/lmr/m/n/12 MDN. https://de-vel-oper.mozilla.org/en-US/docs/Learn/Ac-ces-si-b
il-ity/What\TU/lmr/m/it/12 is\TU/lmr/m/n/12 accessibility 
 []

[16]
Overfull \hbox (21.13219pt too wide) in paragraph at lines 34--35
\TU/lmr/m/n/12 de-vel-op-ment | MDN. https://de-vel-oper.mozilla.org/en-US/docs/
Learn/Ac-
 []


Overfull \hbox (29.05913pt too wide) in paragraph at lines 35--36
\TU/lmr/m/it/12 vel-op-ment with Ap-pRun\TU/lmr/m/n/12 . Apress, Berke-ley, CA. https://doi.org/10.1007/978-
 []

[17])
Package markdown Info: Including markdown document "chapters/requirements/descr
iption.md" on input line 115.
 (./_markdown_main/7735303ce79496600779eaa353aa652c.md.tex [18] [19]
[20] [21] [22] [23]
Overfull \hbox (5.52504pt too wide) in paragraph at lines 26--26
[]\TU/lmr/m/n/12 Al-ter-na-tively, the sys-tem’s po-ten-tial ex-pan-sion could
 be fa-cil-i-tated through
 []

[24])
Package markdown Info: Including markdown document "chapters/requirements/requi
rements.md" on input line 118.
 (./_markdown_main/7b2d0ac502c0e0ff850ca7f7e9771269.md.tex [25] [26]
[27] [28] [29] [30] [31] [32] [33] [34] [35] [36] [37] [38])
Package markdown Info: Including markdown document "chapters/software-design/de
sign.md" on input line 121.

(./_markdown_main/e05d7d7a29c0cf79272bf871c2f82d6f.md.tex [39]
Chapter 3.
[40

] [41]) [42] [43]
(C:/Users/javif/GolandProjects/awesomeProject/thesis/out/main.aux))

Here is how much of LuaTeX's memory you used:
 7680 strings out of 477352
 100000,794899 words of node,token memory allocated
 536 words of node memory still in use:
   6 hlist, 2 vlist, 2 rule, 3 glue, 4 kern, 1 glyph, 9 attribute, 58 glue_spec,
 9 attribute_list, 2 write nodes
   avail lists: 2:556,3:106,4:76,5:331,6:37,7:4336,8:38,9:514,10:15,11:387
 28358 multiletter control sequences out of 65536+600000
 71 fonts using 5161087 bytes
 82i,9n,76p,1136b,344s stack positions out of 10000i,1000n,20000p,200000b,80000s
<//?/d:/program files/miktex/fonts/opentype/public/lm/lmmono10-regular.otf><//?/
d:/program files/miktex/fonts/opentype/public/lm/lmroman7-regular.otf><//?/d:/pr
ogram files/miktex/fonts/opentype/public/lm/lmroman8-regular.otf><//?/d:/program
 files/miktex/fonts/opentype/public/lm/lmroman12-italic.otf><//?/d:/program file
s/miktex/fonts/opentype/public/lm/lmmono12-regular.otf><//?/d:/program files/mik
tex/fonts/opentype/public/lm/lmroman12-bold.otf><//?/d:/program files/miktex/fon
ts/opentype/public/lm/lmroman12-regular.otf><//?/d:/program files/miktex/fonts/o
pentype/public/lm/lmroman17-regular.otf>
Output written on main.pdf (44 pages, 132182 bytes).

PDF statistics: 198 PDF objects out of 1000 (max. 8388607)
 0 named destinations out of 1000 (max. 131072)
 1 words of extra memory for PDF output out of 10000 (max. 100000000)

